<?xml version="1.0" encoding="UTF-8"?>
<!-- Generated by org.testng.reporters.JUnitXMLReporter -->
<testsuite ignored="0" hostname="DESKTOP-KIT9RVP" failures="1" tests="1" name="Test1" time="0.103" errors="0" timestamp="2020-12-22T17:10:24 IST">
  <testcase classname="demo.TestNgParametersDemo" name="test" time="0.0">
    <failure type="org.testng.TestNGException" message="
Parameter &amp;apos;Myname&amp;apos; is required by @Test on method test but has not been marked @Optional or defined
in C:\Users\Pornima\eclipse-workspace\seleniumJava14Dec2020\testng6.xml">
      <![CDATA[org.testng.TestNGException: 
Parameter 'Myname' is required by @Test on method test but has not been marked @Optional or defined
in C:\Users\Pornima\eclipse-workspace\seleniumJava14Dec2020\testng6.xml
at java.base/java.util.ArrayList.forEach(ArrayList.java:1511)
... Removed 26 stack frames]]>
    </failure>
  </testcase> <!-- test -->
</testsuite> <!-- Test1 -->
